2025-12-04T13:24:43.301+05:30  INFO 63872 --- [Demo] [main] com.abhishekvermaa10.Demo                : Starting Demo using Java 21.0.9 with PID 63872 (F:\SpringBoot\Profiles\target\classes started by vishwana in F:\SpringBoot\Profiles)
2025-12-04T13:24:43.631+05:30  INFO 63872 --- [Demo] [main] com.abhishekvermaa10.Demo                : The following 1 profile is active: "local"
2025-12-04T13:24:44.636+05:30  WARN 63872 --- [Demo] [main] s.c.a.AnnotationConfigApplicationContext : Exception encountered during context initialization - cancelling refresh attempt: org.springframework.beans.factory.BeanDefinitionStoreException: Failed to parse configuration class [com.abhishekvermaa10.Demo]
2025-12-04T13:24:44.853+05:30 ERROR 63872 --- [Demo] [main] o.s.boot.SpringApplication               : Application run failed

org.springframework.beans.factory.BeanDefinitionStoreException: Failed to parse configuration class [com.abhishekvermaa10.Demo]
	at org.springframework.context.annotation.ConfigurationClassParser.parse(ConfigurationClassParser.java:179) ~[spring-context-6.1.11.jar:6.1.11]
	at org.springframework.context.annotation.ConfigurationClassPostProcessor.processConfigBeanDefinitions(ConfigurationClassPostProcessor.java:417) ~[spring-context-6.1.11.jar:6.1.11]
	at org.springframework.context.annotation.ConfigurationClassPostProcessor.postProcessBeanDefinitionRegistry(ConfigurationClassPostProcessor.java:290) ~[spring-context-6.1.11.jar:6.1.11]
	at org.springframework.context.support.PostProcessorRegistrationDelegate.invokeBeanDefinitionRegistryPostProcessors(PostProcessorRegistrationDelegate.java:349) ~[spring-context-6.1.11.jar:6.1.11]
	at org.springframework.context.support.PostProcessorRegistrationDelegate.invokeBeanFactoryPostProcessors(PostProcessorRegistrationDelegate.java:118) ~[spring-context-6.1.11.jar:6.1.11]
	at org.springframework.context.support.AbstractApplicationContext.invokeBeanFactoryPostProcessors(AbstractApplicationContext.java:789) ~[spring-context-6.1.11.jar:6.1.11]
	at org.springframework.context.support.AbstractApplicationContext.refresh(AbstractApplicationContext.java:607) ~[spring-context-6.1.11.jar:6.1.11]
	at org.springframework.boot.SpringApplication.refresh(SpringApplication.java:754) ~[spring-boot-3.3.2.jar:3.3.2]
	at org.springframework.boot.SpringApplication.refreshContext(SpringApplication.java:456) ~[spring-boot-3.3.2.jar:3.3.2]
	at org.springframework.boot.SpringApplication.run(SpringApplication.java:335) ~[spring-boot-3.3.2.jar:3.3.2]
	at org.springframework.boot.SpringApplication.run(SpringApplication.java:1363) ~[spring-boot-3.3.2.jar:3.3.2]
	at org.springframework.boot.SpringApplication.run(SpringApplication.java:1352) ~[spring-boot-3.3.2.jar:3.3.2]
	at com.abhishekvermaa10.Demo.main(Demo.java:25) ~[classes/:na]
Caused by: org.springframework.context.annotation.ConflictingBeanDefinitionException: Annotation-specified bean name 'ownerServiceImpl' for bean class [com.abhishekvermaa10.service.mock.impl.OwnerServiceImpl] conflicts with existing, non-compatible bean definition of same name and class [com.abhishekvermaa10.service.impl.OwnerServiceImpl]
	at org.springframework.context.annotation.ClassPathBeanDefinitionScanner.checkCandidate(ClassPathBeanDefinitionScanner.java:361) ~[spring-context-6.1.11.jar:6.1.11]
	at org.springframework.context.annotation.ClassPathBeanDefinitionScanner.doScan(ClassPathBeanDefinitionScanner.java:288) ~[spring-context-6.1.11.jar:6.1.11]
	at org.springframework.context.annotation.ComponentScanAnnotationParser.parse(ComponentScanAnnotationParser.java:128) ~[spring-context-6.1.11.jar:6.1.11]
	at org.springframework.context.annotation.ConfigurationClassParser.doProcessConfigurationClass(ConfigurationClassParser.java:306) ~[spring-context-6.1.11.jar:6.1.11]
	at org.springframework.context.annotation.ConfigurationClassParser.processConfigurationClass(ConfigurationClassParser.java:246) ~[spring-context-6.1.11.jar:6.1.11]
	at org.springframework.context.annotation.ConfigurationClassParser.parse(ConfigurationClassParser.java:197) ~[spring-context-6.1.11.jar:6.1.11]
	at org.springframework.context.annotation.ConfigurationClassParser.parse(ConfigurationClassParser.java:165) ~[spring-context-6.1.11.jar:6.1.11]
	... 12 common frames omitted

2025-12-04T13:27:25.319+05:30  INFO 64928 --- [Demo] [main] com.abhishekvermaa10.Demo                : Starting Demo using Java 21.0.9 with PID 64928 (F:\SpringBoot\Profiles\target\classes started by vishwana in F:\SpringBoot\Profiles)
2025-12-04T13:27:25.327+05:30  INFO 64928 --- [Demo] [main] com.abhishekvermaa10.Demo                : The following 1 profile is active: "local"
2025-12-04T13:27:28.473+05:30  INFO 64928 --- [Demo] [main] com.abhishekvermaa10.Demo                : Started Demo in 5.255 seconds (process running for 7.004)
2025-12-04T13:27:28.511+05:30  INFO 64928 --- [Demo] [main] com.abhishekvermaa10.Demo                : Found owner with ownerId 7
2025-12-04T13:27:32.409+05:30 ERROR 64928 --- [Demo] [main] com.abhishekvermaa10.Demo                : please Enter Even number Owner Id
