2025-09-02T15:08:53.151+05:30  INFO 58648 --- [demo] [main] com.example.DemoApplication              : Starting DemoApplication using Java 24.0.1 with PID 58648 (F:\SpringBoot\demo\target\classes started by vishwana in F:\SpringBoot\demo)
2025-09-02T15:08:53.247+05:30  INFO 58648 --- [demo] [main] com.example.DemoApplication              : No active profile set, falling back to 1 default profile: "default"
2025-09-02T15:09:02.385+05:30  INFO 58648 --- [demo] [main] o.s.b.w.embedded.tomcat.TomcatWebServer  : Tomcat initialized with port 8080 (http)
2025-09-02T15:09:02.484+05:30  INFO 58648 --- [demo] [main] o.apache.catalina.core.StandardService   : Starting service [Tomcat]
2025-09-02T15:09:02.488+05:30  INFO 58648 --- [demo] [main] o.apache.catalina.core.StandardEngine    : Starting Servlet engine: [Apache Tomcat/10.1.44]
2025-09-02T15:09:02.793+05:30  INFO 58648 --- [demo] [main] o.a.c.c.C.[Tomcat].[localhost].[/]       : Initializing Spring embedded WebApplicationContext
2025-09-02T15:09:02.799+05:30  INFO 58648 --- [demo] [main] w.s.c.ServletWebServerApplicationContext : Root WebApplicationContext: initialization completed in 7761 ms
2025-09-02T15:09:04.679+05:30  INFO 58648 --- [demo] [main] o.s.b.w.embedded.tomcat.TomcatWebServer  : Tomcat started on port 8080 (http) with context path '/'
2025-09-02T15:09:04.779+05:30  INFO 58648 --- [demo] [main] com.example.DemoApplication              : Started DemoApplication in 17.604 seconds (process running for 19.773)
2025-09-02T15:09:04.860+05:30  INFO 58648 --- [demo] [main] com.example.DemoApplication              : Before modification id
2025-09-02T15:09:32.208+05:30  INFO 58648 --- [demo] [main] com.example.DemoApplication              : After modification id
2025-09-02T15:25:58.093+05:30  INFO 2728 --- [demo] [main] com.example.DemoApplication              : Starting DemoApplication using Java 24.0.1 with PID 2728 (F:\SpringBoot\demo\target\classes started by vishwana in F:\SpringBoot\demo)
2025-09-02T15:25:58.154+05:30  INFO 2728 --- [demo] [main] com.example.DemoApplication              : No active profile set, falling back to 1 default profile: "default"
2025-09-02T15:26:04.143+05:30  INFO 2728 --- [demo] [main] o.s.b.w.embedded.tomcat.TomcatWebServer  : Tomcat initialized with port 8080 (http)
2025-09-02T15:26:04.243+05:30  INFO 2728 --- [demo] [main] o.apache.catalina.core.StandardService   : Starting service [Tomcat]
2025-09-02T15:26:04.245+05:30  INFO 2728 --- [demo] [main] o.apache.catalina.core.StandardEngine    : Starting Servlet engine: [Apache Tomcat/10.1.44]
2025-09-02T15:26:04.547+05:30  INFO 2728 --- [demo] [main] o.a.c.c.C.[Tomcat].[localhost].[/]       : Initializing Spring embedded WebApplicationContext
2025-09-02T15:26:04.554+05:30  INFO 2728 --- [demo] [main] w.s.c.ServletWebServerApplicationContext : Root WebApplicationContext: initialization completed in 6027 ms
2025-09-02T15:26:07.203+05:30  INFO 2728 --- [demo] [main] o.s.b.w.embedded.tomcat.TomcatWebServer  : Tomcat started on port 8080 (http) with context path '/'
2025-09-02T15:26:07.265+05:30  INFO 2728 --- [demo] [main] com.example.DemoApplication              : Started DemoApplication in 13.573 seconds (process running for 15.575)
2025-09-02T15:26:07.297+05:30  INFO 2728 --- [demo] [main] com.example.DemoApplication              : Before modification id
2025-09-02T15:26:17.606+05:30  INFO 2728 --- [demo] [main] com.example.DemoApplication              : After modification id
2025-09-02T15:29:17.694+05:30  INFO 59440 --- [demo] [main] com.example.DemoApplication              : Starting DemoApplication using Java 24.0.1 with PID 59440 (F:\SpringBoot\demo\target\classes started by vishwana in F:\SpringBoot\demo)
2025-09-02T15:29:17.773+05:30  INFO 59440 --- [demo] [main] com.example.DemoApplication              : No active profile set, falling back to 1 default profile: "default"
2025-09-02T15:29:22.496+05:30  INFO 59440 --- [demo] [main] o.s.b.w.embedded.tomcat.TomcatWebServer  : Tomcat initialized with port 8080 (http)
2025-09-02T15:29:22.553+05:30  INFO 59440 --- [demo] [main] o.apache.catalina.core.StandardService   : Starting service [Tomcat]
2025-09-02T15:29:22.554+05:30  INFO 59440 --- [demo] [main] o.apache.catalina.core.StandardEngine    : Starting Servlet engine: [Apache Tomcat/10.1.44]
2025-09-02T15:29:22.735+05:30  INFO 59440 --- [demo] [main] o.a.c.c.C.[Tomcat].[localhost].[/]       : Initializing Spring embedded WebApplicationContext
2025-09-02T15:29:22.738+05:30  INFO 59440 --- [demo] [main] w.s.c.ServletWebServerApplicationContext : Root WebApplicationContext: initialization completed in 4642 ms
2025-09-02T15:29:24.634+05:30  INFO 59440 --- [demo] [main] o.s.b.w.embedded.tomcat.TomcatWebServer  : Tomcat started on port 8080 (http) with context path '/'
2025-09-02T15:29:24.661+05:30  INFO 59440 --- [demo] [main] com.example.DemoApplication              : Started DemoApplication in 9.603 seconds (process running for 11.369)
2025-09-02T15:29:24.677+05:30  INFO 59440 --- [demo] [main] com.example.DemoApplication              : Before modification id
2025-09-02T15:29:31.320+05:30  WARN 59440 --- [demo] [main] com.example.DemoApplication              : exception is : owner id should be even number
